<?xml version="1.0" encoding="UTF-8"?>
<!-- Generated by org.testng.reporters.JUnitReportReporter -->
<testsuite hostname="LAPTOP-1JDM1002" failures="0" tests="6" name="TestNG.ProorityAndInvocationCountTest" time="0.016" errors="0" timestamp="2023-10-13T13:23:44 IST" skipped="0">
  <testcase classname="TestNG.ProorityAndInvocationCountTest" name="test4" time="0.010">
    <system-out>
      <![CDATA[test4]]>
    </system-out>
  </testcase> <!-- test4 -->
  <testcase classname="TestNG.ProorityAndInvocationCountTest" name="test1" time="0.001">
    <system-out>
      <![CDATA[test1]]>
    </system-out>
  </testcase> <!-- test1 -->
  <testcase classname="TestNG.ProorityAndInvocationCountTest" name="test1" time="0.001">
    <system-out>
      <![CDATA[test1]]>
    </system-out>
  </testcase> <!-- test1 -->
  <testcase classname="TestNG.ProorityAndInvocationCountTest" name="test1" time="0.000">
    <system-out>
      <![CDATA[test1]]>
    </system-out>
  </testcase> <!-- test1 -->
  <testcase classname="TestNG.ProorityAndInvocationCountTest" name="test3" time="0.002">
    <system-out>
      <![CDATA[test3]]>
    </system-out>
  </testcase> <!-- test3 -->
  <testcase classname="TestNG.ProorityAndInvocationCountTest" name="test3" time="0.002">
    <system-out>
      <![CDATA[test3]]>
    </system-out>
  </testcase> <!-- test3 -->
  <system-out>
    <![CDATA[test4
test1
test1
test1
test3
test3]]>
  </system-out>
</testsuite> <!-- TestNG.ProorityAndInvocationCountTest -->
