<?xml version="1.0" encoding="UTF-8"?>
<!-- Generated by org.testng.reporters.JUnitReportReporter -->
<testsuite hostname="LAPTOP-1JDM1002" failures="0" tests="1" name="GroupExcutionTest.Test3$Test2" time="0.002" errors="0" timestamp="2023-10-16T11:07:18 IST" skipped="0">
  <testcase classname="GroupExcutionTest.Test3$Test2" name="demo2" time="0.002"/>
</testsuite> <!-- GroupExcutionTest.Test3$Test2 -->
