<?xml version="1.0" encoding="UTF-8"?>
<!-- Generated by org.testng.reporters.JUnitReportReporter -->
<testsuite hostname="LAPTOP-1JDM1002" failures="0" tests="2" name="Batchexcution.BatchexcutionTest4" time="0.004" errors="0" timestamp="2023-08-05T12:54:13 IST" skipped="0">
  <testcase classname="Batchexcution.BatchexcutionTest4" name="demo2" time="0.001">
    <system-out>
      <![CDATA[Test4 -demo2]]>
    </system-out>
  </testcase> <!-- demo2 -->
  <testcase classname="Batchexcution.BatchexcutionTest4" name="demo1" time="0.003">
    <system-out>
      <![CDATA[Test4 -demo1]]>
    </system-out>
  </testcase> <!-- demo1 -->
  <system-out>
    <![CDATA[Test5 -demo1
Test3 -demo1
Test1 -demo1
Test3 -demo2
Test5 -demo2
Test1 -demo2
Test2 -demo1
Test6 -demo1
Test6 -demo2
Test2 -demo2
Test4 -demo1
Test4 -demo2]]>
  </system-out>
</testsuite> <!-- Batchexcution.BatchexcutionTest4 -->
