<?xml version="1.0" encoding="UTF-8"?>
<!-- Generated by org.testng.reporters.JUnitReportReporter -->
<testsuite hostname="LAPTOP-1JDM1002" failures="0" tests="1" name="Isselecte" time="0.011" errors="0" timestamp="2023-08-01T17:16:42 IST" skipped="0">
  <testcase classname="Isselecte" name="demo" time="0.011">
    <system-out>
      <![CDATA[Hello world]]>
    </system-out>
  </testcase> <!-- demo -->
  <system-out>
    <![CDATA[Hello world]]>
  </system-out>
</testsuite> <!-- Isselecte -->
