<?xml version="1.0" encoding="UTF-8"?>
<!-- Generated by org.testng.reporters.JUnitReportReporter -->
<testsuite hostname="LAPTOP-1JDM1002" failures="0" tests="2" name="disturbuted.Test1" time="0.014" errors="0" timestamp="2023-10-17T13:18:16 IST" skipped="0">
  <testcase classname="disturbuted.Test1" name="demo2" time="0.001"/>
  <testcase classname="disturbuted.Test1" name="demo1" time="0.013"/>
</testsuite> <!-- disturbuted.Test1 -->
