<?xml version="1.0" encoding="UTF-8"?>
<!-- Generated by org.testng.reporters.JUnitReportReporter -->
<testsuite hostname="LAPTOP-1JDM1002" failures="0" tests="2" name="disturbuted.Test3" time="0.026" errors="0" timestamp="2023-10-17T13:18:16 IST" skipped="0">
  <testcase classname="disturbuted.Test3" name="demo2" time="0.015"/>
  <testcase classname="disturbuted.Test3" name="demo1" time="0.011"/>
</testsuite> <!-- disturbuted.Test3 -->
