<?xml version="1.0" encoding="UTF-8"?>
<!-- Generated by org.testng.reporters.JUnitReportReporter -->
<testsuite hostname="LAPTOP-1JDM1002" failures="0" tests="13" name="TestNG.InvocationCount" time="0.038" errors="0" timestamp="2023-10-12T15:23:33 IST" skipped="0">
  <testcase classname="TestNG.InvocationCount" name="demo2" time="0.003"/>
  <testcase classname="TestNG.InvocationCount" name="demo6" time="0.002"/>
  <testcase classname="TestNG.InvocationCount" name="demo6" time="0.003"/>
  <testcase classname="TestNG.InvocationCount" name="demo4" time="0.002"/>
  <testcase classname="TestNG.InvocationCount" name="demo6" time="0.003"/>
  <testcase classname="TestNG.InvocationCount" name="demo6" time="0.001"/>
  <testcase classname="TestNG.InvocationCount" name="demo2" time="0.001"/>
  <testcase classname="TestNG.InvocationCount" name="demo6" time="0.003"/>
  <testcase classname="TestNG.InvocationCount" name="demo2" time="0.003"/>
  <testcase classname="TestNG.InvocationCount" name="demo4" time="0.001"/>
  <testcase classname="TestNG.InvocationCount" name="demo4" time="0.001"/>
  <testcase classname="TestNG.InvocationCount" name="demo2" time="0.005"/>
  <testcase classname="TestNG.InvocationCount" name="demo1" time="0.010"/>
</testsuite> <!-- TestNG.InvocationCount -->
