<?xml version="1.0" encoding="UTF-8"?>
<!-- Generated by org.testng.reporters.JUnitReportReporter -->
<testsuite hostname="LAPTOP-1JDM1002" failures="0" tests="6" name="TestNG.DisabilityTest" time="0.019" errors="0" timestamp="2023-10-12T14:18:40 IST" skipped="2">
  <testcase classname="TestNG.DisabilityTest" name="demo6" time="0.001"/>
  <testcase classname="TestNG.DisabilityTest" name="demo3" time="0.002"/>
  <testcase classname="TestNG.DisabilityTest" name="demo4" time="0.001"/>
  <testcase classname="TestNG.DisabilityTest" name="demo1" time="0.015"/>
  <testcase classname="TestNG.DisabilityTest" name="demo5">
    <skipped/>
  </testcase> <!-- demo5 -->
  <testcase classname="TestNG.DisabilityTest" name="demo2">
    <skipped/>
  </testcase> <!-- demo2 -->
</testsuite> <!-- TestNG.DisabilityTest -->
