<?xml version="1.0" encoding="UTF-8"?>
<!-- Generated by org.testng.reporters.JUnitReportReporter -->
<testsuite hostname="LAPTOP-1JDM1002" failures="0" tests="556" name="TestNG.CombinationOfInvocatinAndPriritization" time="0.235" errors="0" timestamp="2023-10-12T14:00:07 IST" skipped="0">
  <testcase classname="TestNG.CombinationOfInvocatinAndPriritization" name="demo1" time="0.001"/>
  <testcase classname="TestNG.CombinationOfInvocatinAndPriritization" name="demo1" time="0.001"/>
  <testcase classname="TestNG.CombinationOfInvocatinAndPriritization" name="demo1" time="0.006"/>
  <testcase classname="TestNG.CombinationOfInvocatinAndPriritization" name="demo1" time="0.002"/>
  <testcase classname="TestNG.CombinationOfInvocatinAndPriritization" name="demo1" time="0.001"/>
  <testcase classname="TestNG.CombinationOfInvocatinAndPriritization" name="demo5" time="0.001"/>
  <testcase classname="TestNG.CombinationOfInvocatinAndPriritization" name="demo5" time="0.000"/>
  <testcase classname="TestNG.CombinationOfInvocatinAndPriritization" name="demo5" time="0.001"/>
  <testcase classname="TestNG.CombinationOfInvocatinAndPriritization" name="demo5" time="0.000"/>
  <testcase classname="TestNG.CombinationOfInvocatinAndPriritization" name="demo5" time="0.001"/>
  <testcase classname="TestNG.CombinationOfInvocatinAndPriritization" name="demo5" time="0.000"/>
  <testcase classname="TestNG.CombinationOfInvocatinAndPriritization" name="demo5" time="0.000"/>
  <testcase classname="TestNG.CombinationOfInvocatinAndPriritization" name="demo5" time="0.001"/>
  <testcase classname="TestNG.CombinationOfInvocatinAndPriritization" name="demo5" time="0.001"/>
  <testcase classname="TestNG.CombinationOfInvocatinAndPriritization" name="demo5" time="0.000"/>
  <testcase classname="TestNG.CombinationOfInvocatinAndPriritization" name="demo5" time="0.000"/>
  <testcase classname="TestNG.CombinationOfInvocatinAndPriritization" name="demo5" time="0.001"/>
  <testcase classname="TestNG.CombinationOfInvocatinAndPriritization" name="demo5" time="0.000"/>
  <testcase classname="TestNG.CombinationOfInvocatinAndPriritization" name="demo5" time="0.000"/>
  <testcase classname="TestNG.CombinationOfInvocatinAndPriritization" name="demo5" time="0.000"/>
  <testcase classname="TestNG.CombinationOfInvocatinAndPriritization" name="demo5" time="0.001"/>
  <testcase classname="TestNG.CombinationOfInvocatinAndPriritization" name="demo5" time="0.000"/>
  <testcase classname="TestNG.CombinationOfInvocatinAndPriritization" name="demo5" time="0.000"/>
  <testcase classname="TestNG.CombinationOfInvocatinAndPriritization" name="demo5" time="0.000"/>
  <testcase classname="TestNG.CombinationOfInvocatinAndPriritization" name="demo5" time="0.001"/>
  <testcase classname="TestNG.CombinationOfInvocatinAndPriritization" name="demo5" time="0.001"/>
  <testcase classname="TestNG.CombinationOfInvocatinAndPriritization" name="demo5" time="0.001"/>
  <testcase classname="TestNG.CombinationOfInvocatinAndPriritization" name="demo5" time="0.000"/>
  <testcase classname="TestNG.CombinationOfInvocatinAndPriritization" name="demo5" time="0.001"/>
  <testcase classname="TestNG.CombinationOfInvocatinAndPriritization" name="demo5" time="0.000"/>
  <testcase classname="TestNG.CombinationOfInvocatinAndPriritization" name="demo5" time="0.000"/>
  <testcase classname="TestNG.CombinationOfInvocatinAndPriritization" name="demo5" time="0.001"/>
  <testcase classname="TestNG.CombinationOfInvocatinAndPriritization" name="demo5" time="0.001"/>
  <testcase classname="TestNG.CombinationOfInvocatinAndPriritization" name="demo5" time="0.001"/>
  <testcase classname="TestNG.CombinationOfInvocatinAndPriritization" name="demo5" time="0.001"/>
  <testcase classname="TestNG.CombinationOfInvocatinAndPriritization" name="demo5" time="0.000"/>
  <testcase classname="TestNG.CombinationOfInvocatinAndPriritization" name="demo5" time="0.000"/>
  <testcase classname="TestNG.CombinationOfInvocatinAndPriritization" name="demo5" time="0.000"/>
  <testcase classname="TestNG.CombinationOfInvocatinAndPriritization" name="demo5" time="0.001"/>
  <testcase classname="TestNG.CombinationOfInvocatinAndPriritization" name="demo5" time="0.001"/>
  <testcase classname="TestNG.CombinationOfInvocatinAndPriritization" name="demo5" time="0.000"/>
  <testcase classname="TestNG.CombinationOfInvocatinAndPriritization" name="demo5" time="0.000"/>
  <testcase classname="TestNG.CombinationOfInvocatinAndPriritization" name="demo5" time="0.001"/>
  <testcase classname="TestNG.CombinationOfInvocatinAndPriritization" name="demo5" time="0.001"/>
  <testcase classname="TestNG.CombinationOfInvocatinAndPriritization" name="demo5" time="0.001"/>
  <testcase classname="TestNG.CombinationOfInvocatinAndPriritization" name="demo5" time="0.000"/>
  <testcase classname="TestNG.CombinationOfInvocatinAndPriritization" name="demo5" time="0.000"/>
  <testcase classname="TestNG.CombinationOfInvocatinAndPriritization" name="demo5" time="0.000"/>
  <testcase classname="TestNG.CombinationOfInvocatinAndPriritization" name="demo5" time="0.000"/>
  <testcase classname="TestNG.CombinationOfInvocatinAndPriritization" name="demo5" time="0.000"/>
  <testcase classname="TestNG.CombinationOfInvocatinAndPriritization" name="demo5" time="0.000"/>
  <testcase classname="TestNG.CombinationOfInvocatinAndPriritization" name="demo5" time="0.001"/>
  <testcase classname="TestNG.CombinationOfInvocatinAndPriritization" name="demo5" time="0.000"/>
  <testcase classname="TestNG.CombinationOfInvocatinAndPriritization" name="demo5" time="0.001"/>
  <testcase classname="TestNG.CombinationOfInvocatinAndPriritization" name="demo5" time="0.000"/>
  <testcase classname="TestNG.CombinationOfInvocatinAndPriritization" name="demo5" time="0.001"/>
  <testcase classname="TestNG.CombinationOfInvocatinAndPriritization" name="demo5" time="0.000"/>
  <testcase classname="TestNG.CombinationOfInvocatinAndPriritization" name="demo5" time="0.001"/>
  <testcase classname="TestNG.CombinationOfInvocatinAndPriritization" name="demo5" time="0.000"/>
  <testcase classname="TestNG.CombinationOfInvocatinAndPriritization" name="demo5" time="0.000"/>
  <testcase classname="TestNG.CombinationOfInvocatinAndPriritization" name="demo5" time="0.000"/>
  <testcase classname="TestNG.CombinationOfInvocatinAndPriritization" name="demo5" time="0.000"/>
  <testcase classname="TestNG.CombinationOfInvocatinAndPriritization" name="demo5" time="0.001"/>
  <testcase classname="TestNG.CombinationOfInvocatinAndPriritization" name="demo5" time="0.001"/>
  <testcase classname="TestNG.CombinationOfInvocatinAndPriritization" name="demo5" time="0.000"/>
  <testcase classname="TestNG.CombinationOfInvocatinAndPriritization" name="demo5" time="0.000"/>
  <testcase classname="TestNG.CombinationOfInvocatinAndPriritization" name="demo5" time="0.000"/>
  <testcase classname="TestNG.CombinationOfInvocatinAndPriritization" name="demo5" time="0.000"/>
  <testcase classname="TestNG.CombinationOfInvocatinAndPriritization" name="demo5" time="0.000"/>
  <testcase classname="TestNG.CombinationOfInvocatinAndPriritization" name="demo5" time="0.000"/>
  <testcase classname="TestNG.CombinationOfInvocatinAndPriritization" name="demo5" time="0.001"/>
  <testcase classname="TestNG.CombinationOfInvocatinAndPriritization" name="demo5" time="0.000"/>
  <testcase classname="TestNG.CombinationOfInvocatinAndPriritization" name="demo5" time="0.000"/>
  <testcase classname="TestNG.CombinationOfInvocatinAndPriritization" name="demo5" time="0.001"/>
  <testcase classname="TestNG.CombinationOfInvocatinAndPriritization" name="demo5" time="0.000"/>
  <testcase classname="TestNG.CombinationOfInvocatinAndPriritization" name="demo5" time="0.000"/>
  <testcase classname="TestNG.CombinationOfInvocatinAndPriritization" name="demo5" time="0.001"/>
  <testcase classname="TestNG.CombinationOfInvocatinAndPriritization" name="demo5" time="0.001"/>
  <testcase classname="TestNG.CombinationOfInvocatinAndPriritization" name="demo5" time="0.001"/>
  <testcase classname="TestNG.CombinationOfInvocatinAndPriritization" name="demo5" time="0.000"/>
  <testcase classname="TestNG.CombinationOfInvocatinAndPriritization" name="demo5" time="0.001"/>
  <testcase classname="TestNG.CombinationOfInvocatinAndPriritization" name="demo5" time="0.000"/>
  <testcase classname="TestNG.CombinationOfInvocatinAndPriritization" name="demo5" time="0.000"/>
  <testcase classname="TestNG.CombinationOfInvocatinAndPriritization" name="demo5" time="0.000"/>
  <testcase classname="TestNG.CombinationOfInvocatinAndPriritization" name="demo5" time="0.000"/>
  <testcase classname="TestNG.CombinationOfInvocatinAndPriritization" name="demo5" time="0.001"/>
  <testcase classname="TestNG.CombinationOfInvocatinAndPriritization" name="demo5" time="0.001"/>
  <testcase classname="TestNG.CombinationOfInvocatinAndPriritization" name="demo5" time="0.001"/>
  <testcase classname="TestNG.CombinationOfInvocatinAndPriritization" name="demo5" time="0.000"/>
  <testcase classname="TestNG.CombinationOfInvocatinAndPriritization" name="demo5" time="0.000"/>
  <testcase classname="TestNG.CombinationOfInvocatinAndPriritization" name="demo5" time="0.001"/>
  <testcase classname="TestNG.CombinationOfInvocatinAndPriritization" name="demo5" time="0.001"/>
  <testcase classname="TestNG.CombinationOfInvocatinAndPriritization" name="demo5" time="0.001"/>
  <testcase classname="TestNG.CombinationOfInvocatinAndPriritization" name="demo5" time="0.000"/>
  <testcase classname="TestNG.CombinationOfInvocatinAndPriritization" name="demo5" time="0.000"/>
  <testcase classname="TestNG.CombinationOfInvocatinAndPriritization" name="demo5" time="0.000"/>
  <testcase classname="TestNG.CombinationOfInvocatinAndPriritization" name="demo5" time="0.000"/>
  <testcase classname="TestNG.CombinationOfInvocatinAndPriritization" name="demo5" time="0.001"/>
  <testcase classname="TestNG.CombinationOfInvocatinAndPriritization" name="demo5" time="0.001"/>
  <testcase classname="TestNG.CombinationOfInvocatinAndPriritization" name="demo5" time="0.000"/>
  <testcase classname="TestNG.CombinationOfInvocatinAndPriritization" name="demo5" time="0.000"/>
  <testcase classname="TestNG.CombinationOfInvocatinAndPriritization" name="demo5" time="0.001"/>
  <testcase classname="TestNG.CombinationOfInvocatinAndPriritization" name="demo5" time="0.000"/>
  <testcase classname="TestNG.CombinationOfInvocatinAndPriritization" name="demo5" time="0.000"/>
  <testcase classname="TestNG.CombinationOfInvocatinAndPriritization" name="demo5" time="0.001"/>
  <testcase classname="TestNG.CombinationOfInvocatinAndPriritization" name="demo5" time="0.001"/>
  <testcase classname="TestNG.CombinationOfInvocatinAndPriritization" name="demo5" time="0.000"/>
  <testcase classname="TestNG.CombinationOfInvocatinAndPriritization" name="demo5" time="0.000"/>
  <testcase classname="TestNG.CombinationOfInvocatinAndPriritization" name="demo5" time="0.001"/>
  <testcase classname="TestNG.CombinationOfInvocatinAndPriritization" name="demo5" time="0.001"/>
  <testcase classname="TestNG.CombinationOfInvocatinAndPriritization" name="demo5" time="0.000"/>
  <testcase classname="TestNG.CombinationOfInvocatinAndPriritization" name="demo5" time="0.000"/>
  <testcase classname="TestNG.CombinationOfInvocatinAndPriritization" name="demo5" time="0.000"/>
  <testcase classname="TestNG.CombinationOfInvocatinAndPriritization" name="demo5" time="0.001"/>
  <testcase classname="TestNG.CombinationOfInvocatinAndPriritization" name="demo5" time="0.000"/>
  <testcase classname="TestNG.CombinationOfInvocatinAndPriritization" name="demo5" time="0.001"/>
  <testcase classname="TestNG.CombinationOfInvocatinAndPriritization" name="demo5" time="0.000"/>
  <testcase classname="TestNG.CombinationOfInvocatinAndPriritization" name="demo5" time="0.001"/>
  <testcase classname="TestNG.CombinationOfInvocatinAndPriritization" name="demo5" time="0.000"/>
  <testcase classname="TestNG.CombinationOfInvocatinAndPriritization" name="demo5" time="0.000"/>
  <testcase classname="TestNG.CombinationOfInvocatinAndPriritization" name="demo5" time="0.000"/>
  <testcase classname="TestNG.CombinationOfInvocatinAndPriritization" name="demo5" time="0.001"/>
  <testcase classname="TestNG.CombinationOfInvocatinAndPriritization" name="demo5" time="0.000"/>
  <testcase classname="TestNG.CombinationOfInvocatinAndPriritization" name="demo5" time="0.000"/>
  <testcase classname="TestNG.CombinationOfInvocatinAndPriritization" name="demo5" time="0.001"/>
  <testcase classname="TestNG.CombinationOfInvocatinAndPriritization" name="demo5" time="0.001"/>
  <testcase classname="TestNG.CombinationOfInvocatinAndPriritization" name="demo5" time="0.000"/>
  <testcase classname="TestNG.CombinationOfInvocatinAndPriritization" name="demo5" time="0.000"/>
  <testcase classname="TestNG.CombinationOfInvocatinAndPriritization" name="demo5" time="0.000"/>
  <testcase classname="TestNG.CombinationOfInvocatinAndPriritization" name="demo5" time="0.001"/>
  <testcase classname="TestNG.CombinationOfInvocatinAndPriritization" name="demo5" time="0.001"/>
  <testcase classname="TestNG.CombinationOfInvocatinAndPriritization" name="demo5" time="0.001"/>
  <testcase classname="TestNG.CombinationOfInvocatinAndPriritization" name="demo5" time="0.001"/>
  <testcase classname="TestNG.CombinationOfInvocatinAndPriritization" name="demo5" time="0.000"/>
  <testcase classname="TestNG.CombinationOfInvocatinAndPriritization" name="demo5" time="0.001"/>
  <testcase classname="TestNG.CombinationOfInvocatinAndPriritization" name="demo5" time="0.000"/>
  <testcase classname="TestNG.CombinationOfInvocatinAndPriritization" name="demo5" time="0.000"/>
  <testcase classname="TestNG.CombinationOfInvocatinAndPriritization" name="demo5" time="0.001"/>
  <testcase classname="TestNG.CombinationOfInvocatinAndPriritization" name="demo5" time="0.000"/>
  <testcase classname="TestNG.CombinationOfInvocatinAndPriritization" name="demo5" time="0.000"/>
  <testcase classname="TestNG.CombinationOfInvocatinAndPriritization" name="demo5" time="0.001"/>
  <testcase classname="TestNG.CombinationOfInvocatinAndPriritization" name="demo5" time="0.001"/>
  <testcase classname="TestNG.CombinationOfInvocatinAndPriritization" name="demo5" time="0.000"/>
  <testcase classname="TestNG.CombinationOfInvocatinAndPriritization" name="demo5" time="0.000"/>
  <testcase classname="TestNG.CombinationOfInvocatinAndPriritization" name="demo5" time="0.001"/>
  <testcase classname="TestNG.CombinationOfInvocatinAndPriritization" name="demo5" time="0.000"/>
  <testcase classname="TestNG.CombinationOfInvocatinAndPriritization" name="demo5" time="0.000"/>
  <testcase classname="TestNG.CombinationOfInvocatinAndPriritization" name="demo5" time="0.001"/>
  <testcase classname="TestNG.CombinationOfInvocatinAndPriritization" name="demo5" time="0.000"/>
  <testcase classname="TestNG.CombinationOfInvocatinAndPriritization" name="demo5" time="0.000"/>
  <testcase classname="TestNG.CombinationOfInvocatinAndPriritization" name="demo5" time="0.000"/>
  <testcase classname="TestNG.CombinationOfInvocatinAndPriritization" name="demo5" time="0.000"/>
  <testcase classname="TestNG.CombinationOfInvocatinAndPriritization" name="demo5" time="0.001"/>
  <testcase classname="TestNG.CombinationOfInvocatinAndPriritization" name="demo5" time="0.000"/>
  <testcase classname="TestNG.CombinationOfInvocatinAndPriritization" name="demo5" time="0.000"/>
  <testcase classname="TestNG.CombinationOfInvocatinAndPriritization" name="demo5" time="0.001"/>
  <testcase classname="TestNG.CombinationOfInvocatinAndPriritization" name="demo5" time="0.000"/>
  <testcase classname="TestNG.CombinationOfInvocatinAndPriritization" name="demo5" time="0.000"/>
  <testcase classname="TestNG.CombinationOfInvocatinAndPriritization" name="demo5" time="0.000"/>
  <testcase classname="TestNG.CombinationOfInvocatinAndPriritization" name="demo5" time="0.001"/>
  <testcase classname="TestNG.CombinationOfInvocatinAndPriritization" name="demo5" time="0.000"/>
  <testcase classname="TestNG.CombinationOfInvocatinAndPriritization" name="demo5" time="0.001"/>
  <testcase classname="TestNG.CombinationOfInvocatinAndPriritization" name="demo5" time="0.000"/>
  <testcase classname="TestNG.CombinationOfInvocatinAndPriritization" name="demo5" time="0.001"/>
  <testcase classname="TestNG.CombinationOfInvocatinAndPriritization" name="demo5" time="0.001"/>
  <testcase classname="TestNG.CombinationOfInvocatinAndPriritization" name="demo5" time="0.000"/>
  <testcase classname="TestNG.CombinationOfInvocatinAndPriritization" name="demo5" time="0.000"/>
  <testcase classname="TestNG.CombinationOfInvocatinAndPriritization" name="demo5" time="0.000"/>
  <testcase classname="TestNG.CombinationOfInvocatinAndPriritization" name="demo5" time="0.001"/>
  <testcase classname="TestNG.CombinationOfInvocatinAndPriritization" name="demo5" time="0.001"/>
  <testcase classname="TestNG.CombinationOfInvocatinAndPriritization" name="demo5" time="0.000"/>
  <testcase classname="TestNG.CombinationOfInvocatinAndPriritization" name="demo5" time="0.000"/>
  <testcase classname="TestNG.CombinationOfInvocatinAndPriritization" name="demo5" time="0.000"/>
  <testcase classname="TestNG.CombinationOfInvocatinAndPriritization" name="demo5" time="0.001"/>
  <testcase classname="TestNG.CombinationOfInvocatinAndPriritization" name="demo5" time="0.001"/>
  <testcase classname="TestNG.CombinationOfInvocatinAndPriritization" name="demo5" time="0.000"/>
  <testcase classname="TestNG.CombinationOfInvocatinAndPriritization" name="demo5" time="0.000"/>
  <testcase classname="TestNG.CombinationOfInvocatinAndPriritization" name="demo5" time="0.000"/>
  <testcase classname="TestNG.CombinationOfInvocatinAndPriritization" name="demo5" time="0.000"/>
  <testcase classname="TestNG.CombinationOfInvocatinAndPriritization" name="demo5" time="0.000"/>
  <testcase classname="TestNG.CombinationOfInvocatinAndPriritization" name="demo5" time="0.001"/>
  <testcase classname="TestNG.CombinationOfInvocatinAndPriritization" name="demo5" time="0.001"/>
  <testcase classname="TestNG.CombinationOfInvocatinAndPriritization" name="demo5" time="0.000"/>
  <testcase classname="TestNG.CombinationOfInvocatinAndPriritization" name="demo5" time="0.001"/>
  <testcase classname="TestNG.CombinationOfInvocatinAndPriritization" name="demo5" time="0.001"/>
  <testcase classname="TestNG.CombinationOfInvocatinAndPriritization" name="demo5" time="0.001"/>
  <testcase classname="TestNG.CombinationOfInvocatinAndPriritization" name="demo5" time="0.000"/>
  <testcase classname="TestNG.CombinationOfInvocatinAndPriritization" name="demo5" time="0.001"/>
  <testcase classname="TestNG.CombinationOfInvocatinAndPriritization" name="demo5" time="0.000"/>
  <testcase classname="TestNG.CombinationOfInvocatinAndPriritization" name="demo5" time="0.000"/>
  <testcase classname="TestNG.CombinationOfInvocatinAndPriritization" name="demo5" time="0.001"/>
  <testcase classname="TestNG.CombinationOfInvocatinAndPriritization" name="demo5" time="0.001"/>
  <testcase classname="TestNG.CombinationOfInvocatinAndPriritization" name="demo5" time="0.000"/>
  <testcase classname="TestNG.CombinationOfInvocatinAndPriritization" name="demo5" time="0.001"/>
  <testcase classname="TestNG.CombinationOfInvocatinAndPriritization" name="demo5" time="0.000"/>
  <testcase classname="TestNG.CombinationOfInvocatinAndPriritization" name="demo5" time="0.000"/>
  <testcase classname="TestNG.CombinationOfInvocatinAndPriritization" name="demo5" time="0.001"/>
  <testcase classname="TestNG.CombinationOfInvocatinAndPriritization" name="demo5" time="0.000"/>
  <testcase classname="TestNG.CombinationOfInvocatinAndPriritization" name="demo5" time="0.000"/>
  <testcase classname="TestNG.CombinationOfInvocatinAndPriritization" name="demo5" time="0.001"/>
  <testcase classname="TestNG.CombinationOfInvocatinAndPriritization" name="demo5" time="0.001"/>
  <testcase classname="TestNG.CombinationOfInvocatinAndPriritization" name="demo5" time="0.001"/>
  <testcase classname="TestNG.CombinationOfInvocatinAndPriritization" name="demo5" time="0.000"/>
  <testcase classname="TestNG.CombinationOfInvocatinAndPriritization" name="demo5" time="0.000"/>
  <testcase classname="TestNG.CombinationOfInvocatinAndPriritization" name="demo5" time="0.000"/>
  <testcase classname="TestNG.CombinationOfInvocatinAndPriritization" name="demo5" time="0.000"/>
  <testcase classname="TestNG.CombinationOfInvocatinAndPriritization" name="demo5" time="0.001"/>
  <testcase classname="TestNG.CombinationOfInvocatinAndPriritization" name="demo5" time="0.001"/>
  <testcase classname="TestNG.CombinationOfInvocatinAndPriritization" name="demo5" time="0.000"/>
  <testcase classname="TestNG.CombinationOfInvocatinAndPriritization" name="demo5" time="0.000"/>
  <testcase classname="TestNG.CombinationOfInvocatinAndPriritization" name="demo5" time="0.000"/>
  <testcase classname="TestNG.CombinationOfInvocatinAndPriritization" name="demo5" time="0.001"/>
  <testcase classname="TestNG.CombinationOfInvocatinAndPriritization" name="demo5" time="0.000"/>
  <testcase classname="TestNG.CombinationOfInvocatinAndPriritization" name="demo5" time="0.000"/>
  <testcase classname="TestNG.CombinationOfInvocatinAndPriritization" name="demo5" time="0.001"/>
  <testcase classname="TestNG.CombinationOfInvocatinAndPriritization" name="demo5" time="0.000"/>
  <testcase classname="TestNG.CombinationOfInvocatinAndPriritization" name="demo5" time="0.000"/>
  <testcase classname="TestNG.CombinationOfInvocatinAndPriritization" name="demo5" time="0.000"/>
  <testcase classname="TestNG.CombinationOfInvocatinAndPriritization" name="demo5" time="0.000"/>
  <testcase classname="TestNG.CombinationOfInvocatinAndPriritization" name="demo5" time="0.000"/>
  <testcase classname="TestNG.CombinationOfInvocatinAndPriritization" name="demo5" time="0.001"/>
  <testcase classname="TestNG.CombinationOfInvocatinAndPriritization" name="demo5" time="0.001"/>
  <testcase classname="TestNG.CombinationOfInvocatinAndPriritization" name="demo5" time="0.001"/>
  <testcase classname="TestNG.CombinationOfInvocatinAndPriritization" name="demo5" time="0.000"/>
  <testcase classname="TestNG.CombinationOfInvocatinAndPriritization" name="demo5" time="0.000"/>
  <testcase classname="TestNG.CombinationOfInvocatinAndPriritization" name="demo5" time="0.000"/>
  <testcase classname="TestNG.CombinationOfInvocatinAndPriritization" name="demo5" time="0.000"/>
  <testcase classname="TestNG.CombinationOfInvocatinAndPriritization" name="demo5" time="0.001"/>
  <testcase classname="TestNG.CombinationOfInvocatinAndPriritization" name="demo5" time="0.001"/>
  <testcase classname="TestNG.CombinationOfInvocatinAndPriritization" name="demo5" time="0.000"/>
  <testcase classname="TestNG.CombinationOfInvocatinAndPriritization" name="demo5" time="0.000"/>
  <testcase classname="TestNG.CombinationOfInvocatinAndPriritization" name="demo5" time="0.000"/>
  <testcase classname="TestNG.CombinationOfInvocatinAndPriritization" name="demo5" time="0.001"/>
  <testcase classname="TestNG.CombinationOfInvocatinAndPriritization" name="demo5" time="0.001"/>
  <testcase classname="TestNG.CombinationOfInvocatinAndPriritization" name="demo5" time="0.000"/>
  <testcase classname="TestNG.CombinationOfInvocatinAndPriritization" name="demo5" time="0.000"/>
  <testcase classname="TestNG.CombinationOfInvocatinAndPriritization" name="demo5" time="0.000"/>
  <testcase classname="TestNG.CombinationOfInvocatinAndPriritization" name="demo5" time="0.000"/>
  <testcase classname="TestNG.CombinationOfInvocatinAndPriritization" name="demo5" time="0.000"/>
  <testcase classname="TestNG.CombinationOfInvocatinAndPriritization" name="demo5" time="0.001"/>
  <testcase classname="TestNG.CombinationOfInvocatinAndPriritization" name="demo5" time="0.001"/>
  <testcase classname="TestNG.CombinationOfInvocatinAndPriritization" name="demo5" time="0.001"/>
  <testcase classname="TestNG.CombinationOfInvocatinAndPriritization" name="demo5" time="0.000"/>
  <testcase classname="TestNG.CombinationOfInvocatinAndPriritization" name="demo5" time="0.000"/>
  <testcase classname="TestNG.CombinationOfInvocatinAndPriritization" name="demo5" time="0.000"/>
  <testcase classname="TestNG.CombinationOfInvocatinAndPriritization" name="demo5" time="0.000"/>
  <testcase classname="TestNG.CombinationOfInvocatinAndPriritization" name="demo5" time="0.000"/>
  <testcase classname="TestNG.CombinationOfInvocatinAndPriritization" name="demo5" time="0.001"/>
  <testcase classname="TestNG.CombinationOfInvocatinAndPriritization" name="demo5" time="0.001"/>
  <testcase classname="TestNG.CombinationOfInvocatinAndPriritization" name="demo5" time="0.001"/>
  <testcase classname="TestNG.CombinationOfInvocatinAndPriritization" name="demo5" time="0.000"/>
  <testcase classname="TestNG.CombinationOfInvocatinAndPriritization" name="demo5" time="0.001"/>
  <testcase classname="TestNG.CombinationOfInvocatinAndPriritization" name="demo5" time="0.000"/>
  <testcase classname="TestNG.CombinationOfInvocatinAndPriritization" name="demo5" time="0.001"/>
  <testcase classname="TestNG.CombinationOfInvocatinAndPriritization" name="demo5" time="0.000"/>
  <testcase classname="TestNG.CombinationOfInvocatinAndPriritization" name="demo5" time="0.000"/>
  <testcase classname="TestNG.CombinationOfInvocatinAndPriritization" name="demo5" time="0.001"/>
  <testcase classname="TestNG.CombinationOfInvocatinAndPriritization" name="demo5" time="0.000"/>
  <testcase classname="TestNG.CombinationOfInvocatinAndPriritization" name="demo5" time="0.000"/>
  <testcase classname="TestNG.CombinationOfInvocatinAndPriritization" name="demo5" time="0.000"/>
  <testcase classname="TestNG.CombinationOfInvocatinAndPriritization" name="demo5" time="0.001"/>
  <testcase classname="TestNG.CombinationOfInvocatinAndPriritization" name="demo5" time="0.001"/>
  <testcase classname="TestNG.CombinationOfInvocatinAndPriritization" name="demo5" time="0.000"/>
  <testcase classname="TestNG.CombinationOfInvocatinAndPriritization" name="demo5" time="0.001"/>
  <testcase classname="TestNG.CombinationOfInvocatinAndPriritization" name="demo5" time="0.000"/>
  <testcase classname="TestNG.CombinationOfInvocatinAndPriritization" name="demo5" time="0.000"/>
  <testcase classname="TestNG.CombinationOfInvocatinAndPriritization" name="demo5" time="0.001"/>
  <testcase classname="TestNG.CombinationOfInvocatinAndPriritization" name="demo5" time="0.000"/>
  <testcase classname="TestNG.CombinationOfInvocatinAndPriritization" name="demo5" time="0.001"/>
  <testcase classname="TestNG.CombinationOfInvocatinAndPriritization" name="demo5" time="0.001"/>
  <testcase classname="TestNG.CombinationOfInvocatinAndPriritization" name="demo5" time="0.000"/>
  <testcase classname="TestNG.CombinationOfInvocatinAndPriritization" name="demo5" time="0.002"/>
  <testcase classname="TestNG.CombinationOfInvocatinAndPriritization" name="demo5" time="0.001"/>
  <testcase classname="TestNG.CombinationOfInvocatinAndPriritization" name="demo5" time="0.000"/>
  <testcase classname="TestNG.CombinationOfInvocatinAndPriritization" name="demo5" time="0.000"/>
  <testcase classname="TestNG.CombinationOfInvocatinAndPriritization" name="demo5" time="0.000"/>
  <testcase classname="TestNG.CombinationOfInvocatinAndPriritization" name="demo5" time="0.000"/>
  <testcase classname="TestNG.CombinationOfInvocatinAndPriritization" name="demo5" time="0.001"/>
  <testcase classname="TestNG.CombinationOfInvocatinAndPriritization" name="demo5" time="0.000"/>
  <testcase classname="TestNG.CombinationOfInvocatinAndPriritization" name="demo5" time="0.001"/>
  <testcase classname="TestNG.CombinationOfInvocatinAndPriritization" name="demo5" time="0.000"/>
  <testcase classname="TestNG.CombinationOfInvocatinAndPriritization" name="demo5" time="0.000"/>
  <testcase classname="TestNG.CombinationOfInvocatinAndPriritization" name="demo5" time="0.000"/>
  <testcase classname="TestNG.CombinationOfInvocatinAndPriritization" name="demo5" time="0.001"/>
  <testcase classname="TestNG.CombinationOfInvocatinAndPriritization" name="demo5" time="0.000"/>
  <testcase classname="TestNG.CombinationOfInvocatinAndPriritization" name="demo5" time="0.000"/>
  <testcase classname="TestNG.CombinationOfInvocatinAndPriritization" name="demo5" time="0.001"/>
  <testcase classname="TestNG.CombinationOfInvocatinAndPriritization" name="demo5" time="0.000"/>
  <testcase classname="TestNG.CombinationOfInvocatinAndPriritization" name="demo5" time="0.000"/>
  <testcase classname="TestNG.CombinationOfInvocatinAndPriritization" name="demo5" time="0.000"/>
  <testcase classname="TestNG.CombinationOfInvocatinAndPriritization" name="demo5" time="0.000"/>
  <testcase classname="TestNG.CombinationOfInvocatinAndPriritization" name="demo5" time="0.000"/>
  <testcase classname="TestNG.CombinationOfInvocatinAndPriritization" name="demo5" time="0.000"/>
  <testcase classname="TestNG.CombinationOfInvocatinAndPriritization" name="demo5" time="0.000"/>
  <testcase classname="TestNG.CombinationOfInvocatinAndPriritization" name="demo5" time="0.001"/>
  <testcase classname="TestNG.CombinationOfInvocatinAndPriritization" name="demo5" time="0.000"/>
  <testcase classname="TestNG.CombinationOfInvocatinAndPriritization" name="demo5" time="0.001"/>
  <testcase classname="TestNG.CombinationOfInvocatinAndPriritization" name="demo5" time="0.001"/>
  <testcase classname="TestNG.CombinationOfInvocatinAndPriritization" name="demo5" time="0.001"/>
  <testcase classname="TestNG.CombinationOfInvocatinAndPriritization" name="demo5" time="0.001"/>
  <testcase classname="TestNG.CombinationOfInvocatinAndPriritization" name="demo5" time="0.001"/>
  <testcase classname="TestNG.CombinationOfInvocatinAndPriritization" name="demo5" time="0.001"/>
  <testcase classname="TestNG.CombinationOfInvocatinAndPriritization" name="demo5" time="0.001"/>
  <testcase classname="TestNG.CombinationOfInvocatinAndPriritization" name="demo5" time="0.001"/>
  <testcase classname="TestNG.CombinationOfInvocatinAndPriritization" name="demo5" time="0.000"/>
  <testcase classname="TestNG.CombinationOfInvocatinAndPriritization" name="demo5" time="0.000"/>
  <testcase classname="TestNG.CombinationOfInvocatinAndPriritization" name="demo5" time="0.000"/>
  <testcase classname="TestNG.CombinationOfInvocatinAndPriritization" name="demo5" time="0.000"/>
  <testcase classname="TestNG.CombinationOfInvocatinAndPriritization" name="demo5" time="0.000"/>
  <testcase classname="TestNG.CombinationOfInvocatinAndPriritization" name="demo5" time="0.000"/>
  <testcase classname="TestNG.CombinationOfInvocatinAndPriritization" name="demo5" time="0.001"/>
  <testcase classname="TestNG.CombinationOfInvocatinAndPriritization" name="demo5" time="0.000"/>
  <testcase classname="TestNG.CombinationOfInvocatinAndPriritization" name="demo5" time="0.001"/>
  <testcase classname="TestNG.CombinationOfInvocatinAndPriritization" name="demo5" time="0.000"/>
  <testcase classname="TestNG.CombinationOfInvocatinAndPriritization" name="demo5" time="0.000"/>
  <testcase classname="TestNG.CombinationOfInvocatinAndPriritization" name="demo5" time="0.001"/>
  <testcase classname="TestNG.CombinationOfInvocatinAndPriritization" name="demo5" time="0.001"/>
  <testcase classname="TestNG.CombinationOfInvocatinAndPriritization" name="demo5" time="0.000"/>
  <testcase classname="TestNG.CombinationOfInvocatinAndPriritization" name="demo5" time="0.001"/>
  <testcase classname="TestNG.CombinationOfInvocatinAndPriritization" name="demo5" time="0.001"/>
  <testcase classname="TestNG.CombinationOfInvocatinAndPriritization" name="demo5" time="0.000"/>
  <testcase classname="TestNG.CombinationOfInvocatinAndPriritization" name="demo5" time="0.000"/>
  <testcase classname="TestNG.CombinationOfInvocatinAndPriritization" name="demo5" time="0.001"/>
  <testcase classname="TestNG.CombinationOfInvocatinAndPriritization" name="demo5" time="0.000"/>
  <testcase classname="TestNG.CombinationOfInvocatinAndPriritization" name="demo5" time="0.001"/>
  <testcase classname="TestNG.CombinationOfInvocatinAndPriritization" name="demo5" time="0.001"/>
  <testcase classname="TestNG.CombinationOfInvocatinAndPriritization" name="demo5" time="0.000"/>
  <testcase classname="TestNG.CombinationOfInvocatinAndPriritization" name="demo5" time="0.001"/>
  <testcase classname="TestNG.CombinationOfInvocatinAndPriritization" name="demo5" time="0.001"/>
  <testcase classname="TestNG.CombinationOfInvocatinAndPriritization" name="demo5" time="0.000"/>
  <testcase classname="TestNG.CombinationOfInvocatinAndPriritization" name="demo5" time="0.000"/>
  <testcase classname="TestNG.CombinationOfInvocatinAndPriritization" name="demo5" time="0.001"/>
  <testcase classname="TestNG.CombinationOfInvocatinAndPriritization" name="demo5" time="0.000"/>
  <testcase classname="TestNG.CombinationOfInvocatinAndPriritization" name="demo5" time="0.000"/>
  <testcase classname="TestNG.CombinationOfInvocatinAndPriritization" name="demo5" time="0.002"/>
  <testcase classname="TestNG.CombinationOfInvocatinAndPriritization" name="demo5" time="0.000"/>
  <testcase classname="TestNG.CombinationOfInvocatinAndPriritization" name="demo5" time="0.001"/>
  <testcase classname="TestNG.CombinationOfInvocatinAndPriritization" name="demo5" time="0.001"/>
  <testcase classname="TestNG.CombinationOfInvocatinAndPriritization" name="demo5" time="0.000"/>
  <testcase classname="TestNG.CombinationOfInvocatinAndPriritization" name="demo5" time="0.000"/>
  <testcase classname="TestNG.CombinationOfInvocatinAndPriritization" name="demo5" time="0.001"/>
  <testcase classname="TestNG.CombinationOfInvocatinAndPriritization" name="demo5" time="0.000"/>
  <testcase classname="TestNG.CombinationOfInvocatinAndPriritization" name="demo5" time="0.000"/>
  <testcase classname="TestNG.CombinationOfInvocatinAndPriritization" name="demo5" time="0.001"/>
  <testcase classname="TestNG.CombinationOfInvocatinAndPriritization" name="demo5" time="0.000"/>
  <testcase classname="TestNG.CombinationOfInvocatinAndPriritization" name="demo5" time="0.000"/>
  <testcase classname="TestNG.CombinationOfInvocatinAndPriritization" name="demo5" time="0.001"/>
  <testcase classname="TestNG.CombinationOfInvocatinAndPriritization" name="demo5" time="0.000"/>
  <testcase classname="TestNG.CombinationOfInvocatinAndPriritization" name="demo5" time="0.000"/>
  <testcase classname="TestNG.CombinationOfInvocatinAndPriritization" name="demo5" time="0.001"/>
  <testcase classname="TestNG.CombinationOfInvocatinAndPriritization" name="demo5" time="0.001"/>
  <testcase classname="TestNG.CombinationOfInvocatinAndPriritization" name="demo5" time="0.000"/>
  <testcase classname="TestNG.CombinationOfInvocatinAndPriritization" name="demo5" time="0.000"/>
  <testcase classname="TestNG.CombinationOfInvocatinAndPriritization" name="demo5" time="0.000"/>
  <testcase classname="TestNG.CombinationOfInvocatinAndPriritization" name="demo5" time="0.000"/>
  <testcase classname="TestNG.CombinationOfInvocatinAndPriritization" name="demo5" time="0.001"/>
  <testcase classname="TestNG.CombinationOfInvocatinAndPriritization" name="demo5" time="0.000"/>
  <testcase classname="TestNG.CombinationOfInvocatinAndPriritization" name="demo5" time="0.001"/>
  <testcase classname="TestNG.CombinationOfInvocatinAndPriritization" name="demo5" time="0.001"/>
  <testcase classname="TestNG.CombinationOfInvocatinAndPriritization" name="demo5" time="0.000"/>
  <testcase classname="TestNG.CombinationOfInvocatinAndPriritization" name="demo5" time="0.000"/>
  <testcase classname="TestNG.CombinationOfInvocatinAndPriritization" name="demo5" time="0.001"/>
  <testcase classname="TestNG.CombinationOfInvocatinAndPriritization" name="demo5" time="0.001"/>
  <testcase classname="TestNG.CombinationOfInvocatinAndPriritization" name="demo5" time="0.000"/>
  <testcase classname="TestNG.CombinationOfInvocatinAndPriritization" name="demo5" time="0.001"/>
  <testcase classname="TestNG.CombinationOfInvocatinAndPriritization" name="demo5" time="0.001"/>
  <testcase classname="TestNG.CombinationOfInvocatinAndPriritization" name="demo5" time="0.001"/>
  <testcase classname="TestNG.CombinationOfInvocatinAndPriritization" name="demo5" time="0.000"/>
  <testcase classname="TestNG.CombinationOfInvocatinAndPriritization" name="demo5" time="0.001"/>
  <testcase classname="TestNG.CombinationOfInvocatinAndPriritization" name="demo5" time="0.000"/>
  <testcase classname="TestNG.CombinationOfInvocatinAndPriritization" name="demo5" time="0.000"/>
  <testcase classname="TestNG.CombinationOfInvocatinAndPriritization" name="demo5" time="0.000"/>
  <testcase classname="TestNG.CombinationOfInvocatinAndPriritization" name="demo5" time="0.000"/>
  <testcase classname="TestNG.CombinationOfInvocatinAndPriritization" name="demo5" time="0.000"/>
  <testcase classname="TestNG.CombinationOfInvocatinAndPriritization" name="demo5" time="0.001"/>
  <testcase classname="TestNG.CombinationOfInvocatinAndPriritization" name="demo5" time="0.000"/>
  <testcase classname="TestNG.CombinationOfInvocatinAndPriritization" name="demo5" time="0.000"/>
  <testcase classname="TestNG.CombinationOfInvocatinAndPriritization" name="demo5" time="0.001"/>
  <testcase classname="TestNG.CombinationOfInvocatinAndPriritization" name="demo5" time="0.001"/>
  <testcase classname="TestNG.CombinationOfInvocatinAndPriritization" name="demo5" time="0.000"/>
  <testcase classname="TestNG.CombinationOfInvocatinAndPriritization" name="demo5" time="0.001"/>
  <testcase classname="TestNG.CombinationOfInvocatinAndPriritization" name="demo5" time="0.001"/>
  <testcase classname="TestNG.CombinationOfInvocatinAndPriritization" name="demo5" time="0.000"/>
  <testcase classname="TestNG.CombinationOfInvocatinAndPriritization" name="demo5" time="0.000"/>
  <testcase classname="TestNG.CombinationOfInvocatinAndPriritization" name="demo5" time="0.001"/>
  <testcase classname="TestNG.CombinationOfInvocatinAndPriritization" name="demo5" time="0.001"/>
  <testcase classname="TestNG.CombinationOfInvocatinAndPriritization" name="demo5" time="0.000"/>
  <testcase classname="TestNG.CombinationOfInvocatinAndPriritization" name="demo5" time="0.001"/>
  <testcase classname="TestNG.CombinationOfInvocatinAndPriritization" name="demo5" time="0.000"/>
  <testcase classname="TestNG.CombinationOfInvocatinAndPriritization" name="demo5" time="0.000"/>
  <testcase classname="TestNG.CombinationOfInvocatinAndPriritization" name="demo5" time="0.001"/>
  <testcase classname="TestNG.CombinationOfInvocatinAndPriritization" name="demo5" time="0.000"/>
  <testcase classname="TestNG.CombinationOfInvocatinAndPriritization" name="demo5" time="0.000"/>
  <testcase classname="TestNG.CombinationOfInvocatinAndPriritization" name="demo5" time="0.000"/>
  <testcase classname="TestNG.CombinationOfInvocatinAndPriritization" name="demo5" time="0.000"/>
  <testcase classname="TestNG.CombinationOfInvocatinAndPriritization" name="demo5" time="0.001"/>
  <testcase classname="TestNG.CombinationOfInvocatinAndPriritization" name="demo5" time="0.001"/>
  <testcase classname="TestNG.CombinationOfInvocatinAndPriritization" name="demo5" time="0.000"/>
  <testcase classname="TestNG.CombinationOfInvocatinAndPriritization" name="demo5" time="0.000"/>
  <testcase classname="TestNG.CombinationOfInvocatinAndPriritization" name="demo5" time="0.000"/>
  <testcase classname="TestNG.CombinationOfInvocatinAndPriritization" name="demo5" time="0.000"/>
  <testcase classname="TestNG.CombinationOfInvocatinAndPriritization" name="demo5" time="0.000"/>
  <testcase classname="TestNG.CombinationOfInvocatinAndPriritization" name="demo5" time="0.000"/>
  <testcase classname="TestNG.CombinationOfInvocatinAndPriritization" name="demo5" time="0.001"/>
  <testcase classname="TestNG.CombinationOfInvocatinAndPriritization" name="demo5" time="0.001"/>
  <testcase classname="TestNG.CombinationOfInvocatinAndPriritization" name="demo5" time="0.000"/>
  <testcase classname="TestNG.CombinationOfInvocatinAndPriritization" name="demo5" time="0.001"/>
  <testcase classname="TestNG.CombinationOfInvocatinAndPriritization" name="demo5" time="0.001"/>
  <testcase classname="TestNG.CombinationOfInvocatinAndPriritization" name="demo5" time="0.000"/>
  <testcase classname="TestNG.CombinationOfInvocatinAndPriritization" name="demo5" time="0.000"/>
  <testcase classname="TestNG.CombinationOfInvocatinAndPriritization" name="demo5" time="0.001"/>
  <testcase classname="TestNG.CombinationOfInvocatinAndPriritization" name="demo5" time="0.000"/>
  <testcase classname="TestNG.CombinationOfInvocatinAndPriritization" name="demo5" time="0.001"/>
  <testcase classname="TestNG.CombinationOfInvocatinAndPriritization" name="demo5" time="0.001"/>
  <testcase classname="TestNG.CombinationOfInvocatinAndPriritization" name="demo5" time="0.000"/>
  <testcase classname="TestNG.CombinationOfInvocatinAndPriritization" name="demo5" time="0.000"/>
  <testcase classname="TestNG.CombinationOfInvocatinAndPriritization" name="demo5" time="0.000"/>
  <testcase classname="TestNG.CombinationOfInvocatinAndPriritization" name="demo5" time="0.000"/>
  <testcase classname="TestNG.CombinationOfInvocatinAndPriritization" name="demo5" time="0.000"/>
  <testcase classname="TestNG.CombinationOfInvocatinAndPriritization" name="demo5" time="0.001"/>
  <testcase classname="TestNG.CombinationOfInvocatinAndPriritization" name="demo5" time="0.001"/>
  <testcase classname="TestNG.CombinationOfInvocatinAndPriritization" name="demo5" time="0.000"/>
  <testcase classname="TestNG.CombinationOfInvocatinAndPriritization" name="demo5" time="0.000"/>
  <testcase classname="TestNG.CombinationOfInvocatinAndPriritization" name="demo5" time="0.001"/>
  <testcase classname="TestNG.CombinationOfInvocatinAndPriritization" name="demo5" time="0.000"/>
  <testcase classname="TestNG.CombinationOfInvocatinAndPriritization" name="demo5" time="0.001"/>
  <testcase classname="TestNG.CombinationOfInvocatinAndPriritization" name="demo5" time="0.000"/>
  <testcase classname="TestNG.CombinationOfInvocatinAndPriritization" name="demo5" time="0.000"/>
  <testcase classname="TestNG.CombinationOfInvocatinAndPriritization" name="demo5" time="0.001"/>
  <testcase classname="TestNG.CombinationOfInvocatinAndPriritization" name="demo5" time="0.001"/>
  <testcase classname="TestNG.CombinationOfInvocatinAndPriritization" name="demo5" time="0.000"/>
  <testcase classname="TestNG.CombinationOfInvocatinAndPriritization" name="demo5" time="0.001"/>
  <testcase classname="TestNG.CombinationOfInvocatinAndPriritization" name="demo5" time="0.000"/>
  <testcase classname="TestNG.CombinationOfInvocatinAndPriritization" name="demo5" time="0.000"/>
  <testcase classname="TestNG.CombinationOfInvocatinAndPriritization" name="demo5" time="0.001"/>
  <testcase classname="TestNG.CombinationOfInvocatinAndPriritization" name="demo5" time="0.000"/>
  <testcase classname="TestNG.CombinationOfInvocatinAndPriritization" name="demo5" time="0.000"/>
  <testcase classname="TestNG.CombinationOfInvocatinAndPriritization" name="demo5" time="0.000"/>
  <testcase classname="TestNG.CombinationOfInvocatinAndPriritization" name="demo5" time="0.001"/>
  <testcase classname="TestNG.CombinationOfInvocatinAndPriritization" name="demo5" time="0.000"/>
  <testcase classname="TestNG.CombinationOfInvocatinAndPriritization" name="demo5" time="0.001"/>
  <testcase classname="TestNG.CombinationOfInvocatinAndPriritization" name="demo5" time="0.000"/>
  <testcase classname="TestNG.CombinationOfInvocatinAndPriritization" name="demo5" time="0.001"/>
  <testcase classname="TestNG.CombinationOfInvocatinAndPriritization" name="demo5" time="0.000"/>
  <testcase classname="TestNG.CombinationOfInvocatinAndPriritization" name="demo5" time="0.001"/>
  <testcase classname="TestNG.CombinationOfInvocatinAndPriritization" name="demo5" time="0.000"/>
  <testcase classname="TestNG.CombinationOfInvocatinAndPriritization" name="demo5" time="0.000"/>
  <testcase classname="TestNG.CombinationOfInvocatinAndPriritization" name="demo5" time="0.001"/>
  <testcase classname="TestNG.CombinationOfInvocatinAndPriritization" name="demo5" time="0.000"/>
  <testcase classname="TestNG.CombinationOfInvocatinAndPriritization" name="demo5" time="0.000"/>
  <testcase classname="TestNG.CombinationOfInvocatinAndPriritization" name="demo5" time="0.000"/>
  <testcase classname="TestNG.CombinationOfInvocatinAndPriritization" name="demo5" time="0.001"/>
  <testcase classname="TestNG.CombinationOfInvocatinAndPriritization" name="demo5" time="0.000"/>
  <testcase classname="TestNG.CombinationOfInvocatinAndPriritization" name="demo5" time="0.000"/>
  <testcase classname="TestNG.CombinationOfInvocatinAndPriritization" name="demo5" time="0.000"/>
  <testcase classname="TestNG.CombinationOfInvocatinAndPriritization" name="demo5" time="0.000"/>
  <testcase classname="TestNG.CombinationOfInvocatinAndPriritization" name="demo5" time="0.001"/>
  <testcase classname="TestNG.CombinationOfInvocatinAndPriritization" name="demo5" time="0.000"/>
  <testcase classname="TestNG.CombinationOfInvocatinAndPriritization" name="demo5" time="0.000"/>
  <testcase classname="TestNG.CombinationOfInvocatinAndPriritization" name="demo5" time="0.000"/>
  <testcase classname="TestNG.CombinationOfInvocatinAndPriritization" name="demo5" time="0.000"/>
  <testcase classname="TestNG.CombinationOfInvocatinAndPriritization" name="demo5" time="0.000"/>
  <testcase classname="TestNG.CombinationOfInvocatinAndPriritization" name="demo5" time="0.000"/>
  <testcase classname="TestNG.CombinationOfInvocatinAndPriritization" name="demo5" time="0.001"/>
  <testcase classname="TestNG.CombinationOfInvocatinAndPriritization" name="demo5" time="0.000"/>
  <testcase classname="TestNG.CombinationOfInvocatinAndPriritization" name="demo5" time="0.001"/>
  <testcase classname="TestNG.CombinationOfInvocatinAndPriritization" name="demo5" time="0.001"/>
  <testcase classname="TestNG.CombinationOfInvocatinAndPriritization" name="demo5" time="0.000"/>
  <testcase classname="TestNG.CombinationOfInvocatinAndPriritization" name="demo5" time="0.000"/>
  <testcase classname="TestNG.CombinationOfInvocatinAndPriritization" name="demo5" time="0.000"/>
  <testcase classname="TestNG.CombinationOfInvocatinAndPriritization" name="demo5" time="0.000"/>
  <testcase classname="TestNG.CombinationOfInvocatinAndPriritization" name="demo5" time="0.001"/>
  <testcase classname="TestNG.CombinationOfInvocatinAndPriritization" name="demo5" time="0.000"/>
  <testcase classname="TestNG.CombinationOfInvocatinAndPriritization" name="demo5" time="0.001"/>
  <testcase classname="TestNG.CombinationOfInvocatinAndPriritization" name="demo5" time="0.001"/>
  <testcase classname="TestNG.CombinationOfInvocatinAndPriritization" name="demo5" time="0.001"/>
  <testcase classname="TestNG.CombinationOfInvocatinAndPriritization" name="demo5" time="0.000"/>
  <testcase classname="TestNG.CombinationOfInvocatinAndPriritization" name="demo5" time="0.000"/>
  <testcase classname="TestNG.CombinationOfInvocatinAndPriritization" name="demo5" time="0.001"/>
  <testcase classname="TestNG.CombinationOfInvocatinAndPriritization" name="demo5" time="0.000"/>
  <testcase classname="TestNG.CombinationOfInvocatinAndPriritization" name="demo5" time="0.001"/>
  <testcase classname="TestNG.CombinationOfInvocatinAndPriritization" name="demo5" time="0.000"/>
  <testcase classname="TestNG.CombinationOfInvocatinAndPriritization" name="demo5" time="0.001"/>
  <testcase classname="TestNG.CombinationOfInvocatinAndPriritization" name="demo5" time="0.000"/>
  <testcase classname="TestNG.CombinationOfInvocatinAndPriritization" name="demo5" time="0.000"/>
  <testcase classname="TestNG.CombinationOfInvocatinAndPriritization" name="demo5" time="0.001"/>
  <testcase classname="TestNG.CombinationOfInvocatinAndPriritization" name="demo5" time="0.001"/>
  <testcase classname="TestNG.CombinationOfInvocatinAndPriritization" name="demo5" time="0.000"/>
  <testcase classname="TestNG.CombinationOfInvocatinAndPriritization" name="demo5" time="0.000"/>
  <testcase classname="TestNG.CombinationOfInvocatinAndPriritization" name="demo5" time="0.000"/>
  <testcase classname="TestNG.CombinationOfInvocatinAndPriritization" name="demo5" time="0.000"/>
  <testcase classname="TestNG.CombinationOfInvocatinAndPriritization" name="demo5" time="0.000"/>
  <testcase classname="TestNG.CombinationOfInvocatinAndPriritization" name="demo5" time="0.000"/>
  <testcase classname="TestNG.CombinationOfInvocatinAndPriritization" name="demo5" time="0.000"/>
  <testcase classname="TestNG.CombinationOfInvocatinAndPriritization" name="demo5" time="0.000"/>
  <testcase classname="TestNG.CombinationOfInvocatinAndPriritization" name="demo5" time="0.000"/>
  <testcase classname="TestNG.CombinationOfInvocatinAndPriritization" name="demo5" time="0.000"/>
  <testcase classname="TestNG.CombinationOfInvocatinAndPriritization" name="demo5" time="0.001"/>
  <testcase classname="TestNG.CombinationOfInvocatinAndPriritization" name="demo5" time="0.001"/>
  <testcase classname="TestNG.CombinationOfInvocatinAndPriritization" name="demo5" time="0.000"/>
  <testcase classname="TestNG.CombinationOfInvocatinAndPriritization" name="demo5" time="0.001"/>
  <testcase classname="TestNG.CombinationOfInvocatinAndPriritization" name="demo5" time="0.001"/>
  <testcase classname="TestNG.CombinationOfInvocatinAndPriritization" name="demo5" time="0.000"/>
  <testcase classname="TestNG.CombinationOfInvocatinAndPriritization" name="demo5" time="0.000"/>
  <testcase classname="TestNG.CombinationOfInvocatinAndPriritization" name="demo5" time="0.001"/>
  <testcase classname="TestNG.CombinationOfInvocatinAndPriritization" name="demo3" time="0.000"/>
  <testcase classname="TestNG.CombinationOfInvocatinAndPriritization" name="demo4" time="0.000"/>
  <testcase classname="TestNG.CombinationOfInvocatinAndPriritization" name="demo4" time="0.000"/>
  <testcase classname="TestNG.CombinationOfInvocatinAndPriritization" name="demo4" time="0.000"/>
  <testcase classname="TestNG.CombinationOfInvocatinAndPriritization" name="demo4" time="0.000"/>
  <testcase classname="TestNG.CombinationOfInvocatinAndPriritization" name="demo4" time="0.000"/>
  <testcase classname="TestNG.CombinationOfInvocatinAndPriritization" name="demo4" time="0.001"/>
  <testcase classname="TestNG.CombinationOfInvocatinAndPriritization" name="demo4" time="0.000"/>
  <testcase classname="TestNG.CombinationOfInvocatinAndPriritization" name="demo4" time="0.001"/>
  <testcase classname="TestNG.CombinationOfInvocatinAndPriritization" name="demo4" time="0.000"/>
  <testcase classname="TestNG.CombinationOfInvocatinAndPriritization" name="demo4" time="0.000"/>
  <testcase classname="TestNG.CombinationOfInvocatinAndPriritization" name="demo4" time="0.000"/>
  <testcase classname="TestNG.CombinationOfInvocatinAndPriritization" name="demo4" time="0.001"/>
  <testcase classname="TestNG.CombinationOfInvocatinAndPriritization" name="demo4" time="0.000"/>
  <testcase classname="TestNG.CombinationOfInvocatinAndPriritization" name="demo4" time="0.001"/>
  <testcase classname="TestNG.CombinationOfInvocatinAndPriritization" name="demo4" time="0.001"/>
  <testcase classname="TestNG.CombinationOfInvocatinAndPriritization" name="demo4" time="0.001"/>
  <testcase classname="TestNG.CombinationOfInvocatinAndPriritization" name="demo4" time="0.000"/>
  <testcase classname="TestNG.CombinationOfInvocatinAndPriritization" name="demo4" time="0.000"/>
  <testcase classname="TestNG.CombinationOfInvocatinAndPriritization" name="demo4" time="0.001"/>
  <testcase classname="TestNG.CombinationOfInvocatinAndPriritization" name="demo4" time="0.000"/>
  <testcase classname="TestNG.CombinationOfInvocatinAndPriritization" name="demo4" time="0.001"/>
  <testcase classname="TestNG.CombinationOfInvocatinAndPriritization" name="demo4" time="0.000"/>
  <testcase classname="TestNG.CombinationOfInvocatinAndPriritization" name="demo4" time="0.000"/>
  <testcase classname="TestNG.CombinationOfInvocatinAndPriritization" name="demo4" time="0.000"/>
  <testcase classname="TestNG.CombinationOfInvocatinAndPriritization" name="demo4" time="0.000"/>
  <testcase classname="TestNG.CombinationOfInvocatinAndPriritization" name="demo4" time="0.000"/>
  <testcase classname="TestNG.CombinationOfInvocatinAndPriritization" name="demo4" time="0.001"/>
  <testcase classname="TestNG.CombinationOfInvocatinAndPriritization" name="demo4" time="0.000"/>
  <testcase classname="TestNG.CombinationOfInvocatinAndPriritization" name="demo4" time="0.000"/>
  <testcase classname="TestNG.CombinationOfInvocatinAndPriritization" name="demo4" time="0.000"/>
  <testcase classname="TestNG.CombinationOfInvocatinAndPriritization" name="demo4" time="0.000"/>
  <testcase classname="TestNG.CombinationOfInvocatinAndPriritization" name="demo4" time="0.000"/>
  <testcase classname="TestNG.CombinationOfInvocatinAndPriritization" name="demo4" time="0.001"/>
  <testcase classname="TestNG.CombinationOfInvocatinAndPriritization" name="demo4" time="0.001"/>
  <testcase classname="TestNG.CombinationOfInvocatinAndPriritization" name="demo4" time="0.001"/>
  <testcase classname="TestNG.CombinationOfInvocatinAndPriritization" name="demo4" time="0.001"/>
  <testcase classname="TestNG.CombinationOfInvocatinAndPriritization" name="demo4" time="0.000"/>
  <testcase classname="TestNG.CombinationOfInvocatinAndPriritization" name="demo4" time="0.000"/>
  <testcase classname="TestNG.CombinationOfInvocatinAndPriritization" name="demo4" time="0.001"/>
  <testcase classname="TestNG.CombinationOfInvocatinAndPriritization" name="demo4" time="0.000"/>
  <testcase classname="TestNG.CombinationOfInvocatinAndPriritization" name="demo4" time="0.000"/>
  <testcase classname="TestNG.CombinationOfInvocatinAndPriritization" name="demo4" time="0.000"/>
  <testcase classname="TestNG.CombinationOfInvocatinAndPriritization" name="demo4" time="0.001"/>
  <testcase classname="TestNG.CombinationOfInvocatinAndPriritization" name="demo4" time="0.001"/>
  <testcase classname="TestNG.CombinationOfInvocatinAndPriritization" name="demo4" time="0.000"/>
  <testcase classname="TestNG.CombinationOfInvocatinAndPriritization" name="demo4" time="0.000"/>
  <testcase classname="TestNG.CombinationOfInvocatinAndPriritization" name="demo4" time="0.001"/>
  <testcase classname="TestNG.CombinationOfInvocatinAndPriritization" name="demo4" time="0.001"/>
  <testcase classname="TestNG.CombinationOfInvocatinAndPriritization" name="demo4" time="0.000"/>
  <testcase classname="TestNG.CombinationOfInvocatinAndPriritization" name="demo4" time="0.000"/>
</testsuite> <!-- TestNG.CombinationOfInvocatinAndPriritization -->
