<?xml version="1.0" encoding="UTF-8"?>
<!-- Generated by org.testng.reporters.JUnitReportReporter -->
<testsuite hostname="LAPTOP-1JDM1002" failures="0" tests="1" name="groupexcution.Test4" time="0.010" errors="0" timestamp="2023-10-16T18:35:48 IST" skipped="0">
  <testcase classname="groupexcution.Test4" name="demo2" time="0.010">
    <system-out>
      <![CDATA[Test4 - demo2 - functional]]>
    </system-out>
  </testcase> <!-- demo2 -->
  <system-out>
    <![CDATA[Test4 - demo2 - functional
Test1 - demo2 - functional]]>
  </system-out>
</testsuite> <!-- groupexcution.Test4 -->
