<?xml version="1.0" encoding="UTF-8"?>
<!-- Generated by org.testng.reporters.JUnitReportReporter -->
<testsuite hostname="LAPTOP-1JDM1002" failures="0" tests="2" name="TestNG.Disabletest" time="0.010" errors="0" timestamp="2023-08-02T11:43:48 IST" skipped="1">
  <testcase classname="TestNG.Disabletest" name="test2" time="0.010">
    <system-out>
      <![CDATA[test2]]>
    </system-out>
  </testcase> <!-- test2 -->
  <testcase classname="TestNG.Disabletest" name="tesr1">
    <skipped/>
  </testcase> <!-- tesr1 -->
  <system-out>
    <![CDATA[test2]]>
  </system-out>
</testsuite> <!-- TestNG.Disabletest -->
