<?xml version="1.0" encoding="UTF-8"?>
<!-- Generated by org.testng.reporters.JUnitReportReporter -->
<testsuite hostname="LAPTOP-1JDM1002" failures="0" tests="2" name="TestNG.DepencyOnMethods" time="28.811" errors="0" timestamp="2023-10-13T18:59:22 IST" skipped="0">
  <testcase classname="TestNG.DepencyOnMethods" name="loinToAPP" time="10.990"/>
  <testcase classname="TestNG.DepencyOnMethods" name="navigateToApp" time="17.821"/>
</testsuite> <!-- TestNG.DepencyOnMethods -->
