<?xml version="1.0" encoding="UTF-8"?>
<!-- Generated by org.testng.reporters.JUnitReportReporter -->
<testsuite hostname="LAPTOP-1JDM1002" failures="0" tests="1" name="GroupExcutionTest.Test1" time="0.010" errors="0" timestamp="2023-10-16T11:07:18 IST" skipped="0">
  <testcase classname="GroupExcutionTest.Test1" name="demo2" time="0.010"/>
</testsuite> <!-- GroupExcutionTest.Test1 -->
