<?xml version="1.0" encoding="UTF-8"?>
<!-- Generated by org.testng.reporters.JUnitReportReporter -->
<testsuite hostname="LAPTOP-1JDM1002" failures="0" tests="1" name="groupexcution.Test2" time="0.002" errors="0" timestamp="2023-10-16T11:10:31 IST" skipped="0">
  <testcase classname="groupexcution.Test2" name="demo1" time="0.002">
    <system-out>
      <![CDATA[Test2 - demo1 - regression]]>
    </system-out>
  </testcase> <!-- demo1 -->
  <system-out>
    <![CDATA[Test3 - demo2 - smoke
Test3 - demo3 - regression and smoke
Test2 - demo1 - regression
Test4 - demo1 - smoke
Test4 - demo3 - smoke and functional
Test1 - demo1 - smoke
Test1 - demo3 - smoke and functional]]>
  </system-out>
</testsuite> <!-- groupexcution.Test2 -->
