<?xml version="1.0" encoding="UTF-8"?>
<!-- Generated by org.testng.reporters.JUnitReportReporter -->
<testsuite hostname="LAPTOP-1JDM1002" failures="0" tests="2" name="disturbuted.Test6" time="0.009" errors="0" timestamp="2023-10-17T13:18:16 IST" skipped="0">
  <testcase classname="disturbuted.Test6" name="demo1" time="0.005"/>
  <testcase classname="disturbuted.Test6" name="demo2" time="0.004"/>
</testsuite> <!-- disturbuted.Test6 -->
