<?xml version="1.0" encoding="UTF-8"?>
<!-- Generated by org.testng.reporters.JUnitReportReporter -->
<testsuite hostname="LAPTOP-1JDM1002" failures="0" tests="6" name="TestNG.ProritizationTest" time="0.014" errors="0" timestamp="2023-10-12T13:46:28 IST" skipped="0">
  <testcase classname="TestNG.ProritizationTest" name="demo1" time="0.009"/>
  <testcase classname="TestNG.ProritizationTest" name="demo5" time="0.002"/>
  <testcase classname="TestNG.ProritizationTest" name="demo2" time="0.001"/>
  <testcase classname="TestNG.ProritizationTest" name="demo3" time="0.001"/>
  <testcase classname="TestNG.ProritizationTest" name="demo6" time="0.001"/>
  <testcase classname="TestNG.ProritizationTest" name="demo4" time="0.000"/>
</testsuite> <!-- TestNG.ProritizationTest -->
