<?xml version="1.0" encoding="UTF-8"?>
<!-- Generated by org.testng.reporters.JUnitReportReporter -->
<testsuite hostname="LAPTOP-1JDM1002" failures="0" tests="1" name="groupexcution.Test3" time="0.008" errors="0" timestamp="2023-10-16T11:12:25 IST" skipped="0">
  <testcase classname="groupexcution.Test3" name="demo3" time="0.008">
    <system-out>
      <![CDATA[Test3 - demo3 - regression and smoke]]>
    </system-out>
  </testcase> <!-- demo3 -->
  <system-out>
    <![CDATA[Test3 - demo3 - regression and smoke
Test4 - demo2 - functional
Test4 - demo3 - smoke and functional
Test1 - demo2 - functional
Test1 - demo3 - smoke and functional]]>
  </system-out>
</testsuite> <!-- groupexcution.Test3 -->
