<?xml version="1.0" encoding="UTF-8"?>
<!-- Generated by org.testng.reporters.JUnitReportReporter -->
<testsuite hostname="LAPTOP-1JDM1002" failures="0" tests="3" name="Retestingdata.Dataproviders" time="0.011" errors="0" timestamp="2023-08-07T11:58:20 IST" skipped="0">
  <testcase classname="Retestingdata.Dataproviders" name="bookTicket" time="0.001"/>
  <testcase classname="Retestingdata.Dataproviders" name="bookTicket" time="0.009"/>
  <testcase classname="Retestingdata.Dataproviders" name="bookTicket" time="0.001"/>
</testsuite> <!-- Retestingdata.Dataproviders -->
